[2025-07-07T20:33:53.942+0000] {processor.py:161} INFO - Started process (PID=229) to work on /opt/airflow/dags/titanic_dag.py
[2025-07-07T20:33:53.943+0000] {processor.py:830} INFO - Processing file /opt/airflow/dags/titanic_dag.py for tasks to queue
[2025-07-07T20:33:53.944+0000] {logging_mixin.py:188} INFO - [2025-07-07T20:33:53.944+0000] {dagbag.py:538} INFO - Filling up the DagBag from /opt/airflow/dags/titanic_dag.py
[2025-07-07T20:33:54.667+0000] {processor.py:840} INFO - DAG(s) 'read_titanic_csv' retrieved from /opt/airflow/dags/titanic_dag.py
[2025-07-07T20:33:54.820+0000] {logging_mixin.py:188} INFO - [2025-07-07T20:33:54.820+0000] {override.py:1769} INFO - Created Permission View: can read on DAG:read_titanic_csv
[2025-07-07T20:33:54.826+0000] {logging_mixin.py:188} INFO - [2025-07-07T20:33:54.825+0000] {override.py:1769} INFO - Created Permission View: can edit on DAG:read_titanic_csv
[2025-07-07T20:33:54.829+0000] {logging_mixin.py:188} INFO - [2025-07-07T20:33:54.829+0000] {override.py:1769} INFO - Created Permission View: can delete on DAG:read_titanic_csv
[2025-07-07T20:33:54.830+0000] {logging_mixin.py:188} INFO - [2025-07-07T20:33:54.830+0000] {dag.py:3036} INFO - Sync 1 DAGs
[2025-07-07T20:33:54.835+0000] {logging_mixin.py:188} INFO - [2025-07-07T20:33:54.835+0000] {dag.py:3058} INFO - Creating ORM DAG for read_titanic_csv
[2025-07-07T20:33:54.836+0000] {logging_mixin.py:188} INFO - [2025-07-07T20:33:54.836+0000] {dag.py:3823} INFO - Setting next_dagrun for read_titanic_csv to None, run_after=None
[2025-07-07T20:33:54.848+0000] {processor.py:183} INFO - Processing /opt/airflow/dags/titanic_dag.py took 0.908 seconds
[2025-07-07T20:34:25.294+0000] {processor.py:161} INFO - Started process (PID=240) to work on /opt/airflow/dags/titanic_dag.py
[2025-07-07T20:34:25.295+0000] {processor.py:830} INFO - Processing file /opt/airflow/dags/titanic_dag.py for tasks to queue
[2025-07-07T20:34:25.296+0000] {logging_mixin.py:188} INFO - [2025-07-07T20:34:25.296+0000] {dagbag.py:538} INFO - Filling up the DagBag from /opt/airflow/dags/titanic_dag.py
[2025-07-07T20:34:25.485+0000] {processor.py:840} INFO - DAG(s) 'read_titanic_csv' retrieved from /opt/airflow/dags/titanic_dag.py
[2025-07-07T20:34:25.506+0000] {logging_mixin.py:188} INFO - [2025-07-07T20:34:25.505+0000] {dag.py:3036} INFO - Sync 1 DAGs
[2025-07-07T20:34:25.514+0000] {logging_mixin.py:188} INFO - [2025-07-07T20:34:25.514+0000] {dag.py:3823} INFO - Setting next_dagrun for read_titanic_csv to None, run_after=None
[2025-07-07T20:34:25.531+0000] {processor.py:183} INFO - Processing /opt/airflow/dags/titanic_dag.py took 0.240 seconds
[2025-07-07T20:34:55.659+0000] {processor.py:161} INFO - Started process (PID=251) to work on /opt/airflow/dags/titanic_dag.py
[2025-07-07T20:34:55.660+0000] {processor.py:830} INFO - Processing file /opt/airflow/dags/titanic_dag.py for tasks to queue
[2025-07-07T20:34:55.661+0000] {logging_mixin.py:188} INFO - [2025-07-07T20:34:55.661+0000] {dagbag.py:538} INFO - Filling up the DagBag from /opt/airflow/dags/titanic_dag.py
[2025-07-07T20:34:55.827+0000] {processor.py:840} INFO - DAG(s) 'read_titanic_csv' retrieved from /opt/airflow/dags/titanic_dag.py
[2025-07-07T20:34:55.845+0000] {logging_mixin.py:188} INFO - [2025-07-07T20:34:55.845+0000] {dag.py:3036} INFO - Sync 1 DAGs
[2025-07-07T20:34:55.853+0000] {logging_mixin.py:188} INFO - [2025-07-07T20:34:55.853+0000] {dag.py:3823} INFO - Setting next_dagrun for read_titanic_csv to None, run_after=None
[2025-07-07T20:34:55.867+0000] {processor.py:183} INFO - Processing /opt/airflow/dags/titanic_dag.py took 0.210 seconds
[2025-07-07T20:35:26.164+0000] {processor.py:161} INFO - Started process (PID=262) to work on /opt/airflow/dags/titanic_dag.py
[2025-07-07T20:35:26.165+0000] {processor.py:830} INFO - Processing file /opt/airflow/dags/titanic_dag.py for tasks to queue
[2025-07-07T20:35:26.166+0000] {logging_mixin.py:188} INFO - [2025-07-07T20:35:26.166+0000] {dagbag.py:538} INFO - Filling up the DagBag from /opt/airflow/dags/titanic_dag.py
[2025-07-07T20:35:26.349+0000] {processor.py:840} INFO - DAG(s) 'read_titanic_csv' retrieved from /opt/airflow/dags/titanic_dag.py
[2025-07-07T20:35:26.367+0000] {logging_mixin.py:188} INFO - [2025-07-07T20:35:26.367+0000] {dag.py:3036} INFO - Sync 1 DAGs
[2025-07-07T20:35:26.376+0000] {logging_mixin.py:188} INFO - [2025-07-07T20:35:26.376+0000] {dag.py:3823} INFO - Setting next_dagrun for read_titanic_csv to None, run_after=None
[2025-07-07T20:35:26.392+0000] {processor.py:183} INFO - Processing /opt/airflow/dags/titanic_dag.py took 0.231 seconds
[2025-07-07T20:35:56.530+0000] {processor.py:161} INFO - Started process (PID=273) to work on /opt/airflow/dags/titanic_dag.py
[2025-07-07T20:35:56.531+0000] {processor.py:830} INFO - Processing file /opt/airflow/dags/titanic_dag.py for tasks to queue
[2025-07-07T20:35:56.532+0000] {logging_mixin.py:188} INFO - [2025-07-07T20:35:56.531+0000] {dagbag.py:538} INFO - Filling up the DagBag from /opt/airflow/dags/titanic_dag.py
[2025-07-07T20:35:56.744+0000] {processor.py:840} INFO - DAG(s) 'read_titanic_csv' retrieved from /opt/airflow/dags/titanic_dag.py
[2025-07-07T20:35:56.764+0000] {logging_mixin.py:188} INFO - [2025-07-07T20:35:56.763+0000] {dag.py:3036} INFO - Sync 1 DAGs
[2025-07-07T20:35:56.772+0000] {logging_mixin.py:188} INFO - [2025-07-07T20:35:56.772+0000] {dag.py:3823} INFO - Setting next_dagrun for read_titanic_csv to None, run_after=None
[2025-07-07T20:35:56.789+0000] {processor.py:183} INFO - Processing /opt/airflow/dags/titanic_dag.py took 0.262 seconds
[2025-07-07T20:36:26.907+0000] {processor.py:161} INFO - Started process (PID=284) to work on /opt/airflow/dags/titanic_dag.py
[2025-07-07T20:36:26.908+0000] {processor.py:830} INFO - Processing file /opt/airflow/dags/titanic_dag.py for tasks to queue
[2025-07-07T20:36:26.909+0000] {logging_mixin.py:188} INFO - [2025-07-07T20:36:26.909+0000] {dagbag.py:538} INFO - Filling up the DagBag from /opt/airflow/dags/titanic_dag.py
[2025-07-07T20:36:27.096+0000] {processor.py:840} INFO - DAG(s) 'read_titanic_csv' retrieved from /opt/airflow/dags/titanic_dag.py
[2025-07-07T20:36:27.116+0000] {logging_mixin.py:188} INFO - [2025-07-07T20:36:27.116+0000] {dag.py:3036} INFO - Sync 1 DAGs
[2025-07-07T20:36:27.127+0000] {logging_mixin.py:188} INFO - [2025-07-07T20:36:27.127+0000] {dag.py:3823} INFO - Setting next_dagrun for read_titanic_csv to None, run_after=None
[2025-07-07T20:36:27.146+0000] {processor.py:183} INFO - Processing /opt/airflow/dags/titanic_dag.py took 0.241 seconds
[2025-07-07T20:36:57.265+0000] {processor.py:161} INFO - Started process (PID=295) to work on /opt/airflow/dags/titanic_dag.py
[2025-07-07T20:36:57.265+0000] {processor.py:830} INFO - Processing file /opt/airflow/dags/titanic_dag.py for tasks to queue
[2025-07-07T20:36:57.267+0000] {logging_mixin.py:188} INFO - [2025-07-07T20:36:57.266+0000] {dagbag.py:538} INFO - Filling up the DagBag from /opt/airflow/dags/titanic_dag.py
[2025-07-07T20:36:57.458+0000] {processor.py:840} INFO - DAG(s) 'read_titanic_csv' retrieved from /opt/airflow/dags/titanic_dag.py
[2025-07-07T20:36:57.477+0000] {logging_mixin.py:188} INFO - [2025-07-07T20:36:57.476+0000] {dag.py:3036} INFO - Sync 1 DAGs
[2025-07-07T20:36:57.486+0000] {logging_mixin.py:188} INFO - [2025-07-07T20:36:57.485+0000] {dag.py:3823} INFO - Setting next_dagrun for read_titanic_csv to None, run_after=None
[2025-07-07T20:36:57.498+0000] {processor.py:183} INFO - Processing /opt/airflow/dags/titanic_dag.py took 0.236 seconds
[2025-07-07T20:37:27.716+0000] {processor.py:161} INFO - Started process (PID=306) to work on /opt/airflow/dags/titanic_dag.py
[2025-07-07T20:37:27.717+0000] {processor.py:830} INFO - Processing file /opt/airflow/dags/titanic_dag.py for tasks to queue
[2025-07-07T20:37:27.719+0000] {logging_mixin.py:188} INFO - [2025-07-07T20:37:27.718+0000] {dagbag.py:538} INFO - Filling up the DagBag from /opt/airflow/dags/titanic_dag.py
[2025-07-07T20:37:27.928+0000] {processor.py:840} INFO - DAG(s) 'read_titanic_csv' retrieved from /opt/airflow/dags/titanic_dag.py
[2025-07-07T20:37:27.949+0000] {logging_mixin.py:188} INFO - [2025-07-07T20:37:27.949+0000] {dag.py:3036} INFO - Sync 1 DAGs
[2025-07-07T20:37:27.958+0000] {logging_mixin.py:188} INFO - [2025-07-07T20:37:27.958+0000] {dag.py:3823} INFO - Setting next_dagrun for read_titanic_csv to None, run_after=None
[2025-07-07T20:37:27.971+0000] {processor.py:183} INFO - Processing /opt/airflow/dags/titanic_dag.py took 0.261 seconds
[2025-07-07T20:39:24.995+0000] {processor.py:161} INFO - Started process (PID=179) to work on /opt/airflow/dags/titanic_dag.py
[2025-07-07T20:39:24.996+0000] {processor.py:830} INFO - Processing file /opt/airflow/dags/titanic_dag.py for tasks to queue
[2025-07-07T20:39:24.997+0000] {logging_mixin.py:188} INFO - [2025-07-07T20:39:24.997+0000] {dagbag.py:538} INFO - Filling up the DagBag from /opt/airflow/dags/titanic_dag.py
[2025-07-07T20:39:25.325+0000] {processor.py:840} INFO - DAG(s) 'read_titanic_csv' retrieved from /opt/airflow/dags/titanic_dag.py
[2025-07-07T20:39:25.348+0000] {logging_mixin.py:188} INFO - [2025-07-07T20:39:25.348+0000] {dag.py:3036} INFO - Sync 1 DAGs
[2025-07-07T20:39:25.356+0000] {logging_mixin.py:188} INFO - [2025-07-07T20:39:25.356+0000] {dag.py:3823} INFO - Setting next_dagrun for read_titanic_csv to None, run_after=None
[2025-07-07T20:39:25.368+0000] {processor.py:183} INFO - Processing /opt/airflow/dags/titanic_dag.py took 0.378 seconds
[2025-07-07T20:39:55.551+0000] {processor.py:161} INFO - Started process (PID=195) to work on /opt/airflow/dags/titanic_dag.py
[2025-07-07T20:39:55.552+0000] {processor.py:830} INFO - Processing file /opt/airflow/dags/titanic_dag.py for tasks to queue
[2025-07-07T20:39:55.553+0000] {logging_mixin.py:188} INFO - [2025-07-07T20:39:55.553+0000] {dagbag.py:538} INFO - Filling up the DagBag from /opt/airflow/dags/titanic_dag.py
[2025-07-07T20:39:55.743+0000] {processor.py:840} INFO - DAG(s) 'read_titanic_csv' retrieved from /opt/airflow/dags/titanic_dag.py
[2025-07-07T20:39:55.764+0000] {logging_mixin.py:188} INFO - [2025-07-07T20:39:55.763+0000] {dag.py:3036} INFO - Sync 1 DAGs
[2025-07-07T20:39:55.774+0000] {logging_mixin.py:188} INFO - [2025-07-07T20:39:55.774+0000] {dag.py:3823} INFO - Setting next_dagrun for read_titanic_csv to None, run_after=None
[2025-07-07T20:39:55.789+0000] {processor.py:183} INFO - Processing /opt/airflow/dags/titanic_dag.py took 0.240 seconds
[2025-07-07T20:40:25.882+0000] {processor.py:161} INFO - Started process (PID=201) to work on /opt/airflow/dags/titanic_dag.py
[2025-07-07T20:40:25.883+0000] {processor.py:830} INFO - Processing file /opt/airflow/dags/titanic_dag.py for tasks to queue
[2025-07-07T20:40:25.884+0000] {logging_mixin.py:188} INFO - [2025-07-07T20:40:25.884+0000] {dagbag.py:538} INFO - Filling up the DagBag from /opt/airflow/dags/titanic_dag.py
[2025-07-07T20:40:26.109+0000] {processor.py:840} INFO - DAG(s) 'read_titanic_csv' retrieved from /opt/airflow/dags/titanic_dag.py
[2025-07-07T20:40:26.126+0000] {logging_mixin.py:188} INFO - [2025-07-07T20:40:26.125+0000] {dag.py:3036} INFO - Sync 1 DAGs
[2025-07-07T20:40:26.135+0000] {logging_mixin.py:188} INFO - [2025-07-07T20:40:26.135+0000] {dag.py:3823} INFO - Setting next_dagrun for read_titanic_csv to None, run_after=None
[2025-07-07T20:40:26.148+0000] {processor.py:183} INFO - Processing /opt/airflow/dags/titanic_dag.py took 0.268 seconds
[2025-07-07T20:40:56.344+0000] {processor.py:161} INFO - Started process (PID=212) to work on /opt/airflow/dags/titanic_dag.py
[2025-07-07T20:40:56.369+0000] {processor.py:830} INFO - Processing file /opt/airflow/dags/titanic_dag.py for tasks to queue
[2025-07-07T20:40:56.370+0000] {logging_mixin.py:188} INFO - [2025-07-07T20:40:56.370+0000] {dagbag.py:538} INFO - Filling up the DagBag from /opt/airflow/dags/titanic_dag.py
[2025-07-07T20:40:56.566+0000] {processor.py:840} INFO - DAG(s) 'read_titanic_csv' retrieved from /opt/airflow/dags/titanic_dag.py
[2025-07-07T20:40:56.583+0000] {logging_mixin.py:188} INFO - [2025-07-07T20:40:56.583+0000] {dag.py:3036} INFO - Sync 1 DAGs
[2025-07-07T20:40:56.591+0000] {logging_mixin.py:188} INFO - [2025-07-07T20:40:56.591+0000] {dag.py:3823} INFO - Setting next_dagrun for read_titanic_csv to None, run_after=None
[2025-07-07T20:40:56.608+0000] {processor.py:183} INFO - Processing /opt/airflow/dags/titanic_dag.py took 0.266 seconds
[2025-07-07T20:41:26.777+0000] {processor.py:161} INFO - Started process (PID=226) to work on /opt/airflow/dags/titanic_dag.py
[2025-07-07T20:41:26.778+0000] {processor.py:830} INFO - Processing file /opt/airflow/dags/titanic_dag.py for tasks to queue
[2025-07-07T20:41:26.779+0000] {logging_mixin.py:188} INFO - [2025-07-07T20:41:26.779+0000] {dagbag.py:538} INFO - Filling up the DagBag from /opt/airflow/dags/titanic_dag.py
[2025-07-07T20:41:26.964+0000] {processor.py:840} INFO - DAG(s) 'read_titanic_csv' retrieved from /opt/airflow/dags/titanic_dag.py
[2025-07-07T20:41:26.984+0000] {logging_mixin.py:188} INFO - [2025-07-07T20:41:26.984+0000] {dag.py:3036} INFO - Sync 1 DAGs
[2025-07-07T20:41:26.993+0000] {logging_mixin.py:188} INFO - [2025-07-07T20:41:26.993+0000] {dag.py:3823} INFO - Setting next_dagrun for read_titanic_csv to None, run_after=None
[2025-07-07T20:41:27.013+0000] {processor.py:183} INFO - Processing /opt/airflow/dags/titanic_dag.py took 0.241 seconds
[2025-07-07T20:41:57.239+0000] {processor.py:161} INFO - Started process (PID=237) to work on /opt/airflow/dags/titanic_dag.py
[2025-07-07T20:41:57.240+0000] {processor.py:830} INFO - Processing file /opt/airflow/dags/titanic_dag.py for tasks to queue
[2025-07-07T20:41:57.241+0000] {logging_mixin.py:188} INFO - [2025-07-07T20:41:57.241+0000] {dagbag.py:538} INFO - Filling up the DagBag from /opt/airflow/dags/titanic_dag.py
[2025-07-07T20:41:57.415+0000] {processor.py:840} INFO - DAG(s) 'read_titanic_csv' retrieved from /opt/airflow/dags/titanic_dag.py
[2025-07-07T20:41:57.434+0000] {logging_mixin.py:188} INFO - [2025-07-07T20:41:57.434+0000] {dag.py:3036} INFO - Sync 1 DAGs
[2025-07-07T20:41:57.443+0000] {logging_mixin.py:188} INFO - [2025-07-07T20:41:57.443+0000] {dag.py:3823} INFO - Setting next_dagrun for read_titanic_csv to None, run_after=None
[2025-07-07T20:41:57.464+0000] {processor.py:183} INFO - Processing /opt/airflow/dags/titanic_dag.py took 0.228 seconds
[2025-07-07T20:42:27.655+0000] {processor.py:161} INFO - Started process (PID=251) to work on /opt/airflow/dags/titanic_dag.py
[2025-07-07T20:42:27.657+0000] {processor.py:830} INFO - Processing file /opt/airflow/dags/titanic_dag.py for tasks to queue
[2025-07-07T20:42:27.658+0000] {logging_mixin.py:188} INFO - [2025-07-07T20:42:27.658+0000] {dagbag.py:538} INFO - Filling up the DagBag from /opt/airflow/dags/titanic_dag.py
[2025-07-07T20:42:27.848+0000] {processor.py:840} INFO - DAG(s) 'read_titanic_csv' retrieved from /opt/airflow/dags/titanic_dag.py
[2025-07-07T20:42:27.869+0000] {logging_mixin.py:188} INFO - [2025-07-07T20:42:27.869+0000] {dag.py:3036} INFO - Sync 1 DAGs
[2025-07-07T20:42:27.878+0000] {logging_mixin.py:188} INFO - [2025-07-07T20:42:27.878+0000] {dag.py:3823} INFO - Setting next_dagrun for read_titanic_csv to None, run_after=None
[2025-07-07T20:42:27.893+0000] {processor.py:183} INFO - Processing /opt/airflow/dags/titanic_dag.py took 0.240 seconds
[2025-07-07T20:42:47.190+0000] {processor.py:161} INFO - Started process (PID=179) to work on /opt/airflow/dags/titanic_dag.py
[2025-07-07T20:42:47.191+0000] {processor.py:830} INFO - Processing file /opt/airflow/dags/titanic_dag.py for tasks to queue
[2025-07-07T20:42:47.193+0000] {logging_mixin.py:188} INFO - [2025-07-07T20:42:47.193+0000] {dagbag.py:538} INFO - Filling up the DagBag from /opt/airflow/dags/titanic_dag.py
[2025-07-07T20:42:47.430+0000] {processor.py:840} INFO - DAG(s) 'read_titanic_csv' retrieved from /opt/airflow/dags/titanic_dag.py
[2025-07-07T20:42:47.455+0000] {logging_mixin.py:188} INFO - [2025-07-07T20:42:47.454+0000] {dag.py:3036} INFO - Sync 1 DAGs
[2025-07-07T20:42:47.463+0000] {logging_mixin.py:188} INFO - [2025-07-07T20:42:47.463+0000] {dag.py:3823} INFO - Setting next_dagrun for read_titanic_csv to None, run_after=None
[2025-07-07T20:42:47.479+0000] {processor.py:183} INFO - Processing /opt/airflow/dags/titanic_dag.py took 0.293 seconds
[2025-07-07T20:43:17.649+0000] {processor.py:161} INFO - Started process (PID=190) to work on /opt/airflow/dags/titanic_dag.py
[2025-07-07T20:43:17.650+0000] {processor.py:830} INFO - Processing file /opt/airflow/dags/titanic_dag.py for tasks to queue
[2025-07-07T20:43:17.651+0000] {logging_mixin.py:188} INFO - [2025-07-07T20:43:17.651+0000] {dagbag.py:538} INFO - Filling up the DagBag from /opt/airflow/dags/titanic_dag.py
[2025-07-07T20:43:17.824+0000] {processor.py:840} INFO - DAG(s) 'read_titanic_csv' retrieved from /opt/airflow/dags/titanic_dag.py
[2025-07-07T20:43:17.840+0000] {logging_mixin.py:188} INFO - [2025-07-07T20:43:17.839+0000] {dag.py:3036} INFO - Sync 1 DAGs
[2025-07-07T20:43:17.848+0000] {logging_mixin.py:188} INFO - [2025-07-07T20:43:17.848+0000] {dag.py:3823} INFO - Setting next_dagrun for read_titanic_csv to None, run_after=None
[2025-07-07T20:43:17.859+0000] {processor.py:183} INFO - Processing /opt/airflow/dags/titanic_dag.py took 0.214 seconds
[2025-07-07T20:43:48.142+0000] {processor.py:161} INFO - Started process (PID=201) to work on /opt/airflow/dags/titanic_dag.py
[2025-07-07T20:43:48.143+0000] {processor.py:830} INFO - Processing file /opt/airflow/dags/titanic_dag.py for tasks to queue
[2025-07-07T20:43:48.144+0000] {logging_mixin.py:188} INFO - [2025-07-07T20:43:48.144+0000] {dagbag.py:538} INFO - Filling up the DagBag from /opt/airflow/dags/titanic_dag.py
[2025-07-07T20:43:48.366+0000] {processor.py:840} INFO - DAG(s) 'read_titanic_csv' retrieved from /opt/airflow/dags/titanic_dag.py
[2025-07-07T20:43:48.384+0000] {logging_mixin.py:188} INFO - [2025-07-07T20:43:48.383+0000] {dag.py:3036} INFO - Sync 1 DAGs
[2025-07-07T20:43:48.393+0000] {logging_mixin.py:188} INFO - [2025-07-07T20:43:48.393+0000] {dag.py:3823} INFO - Setting next_dagrun for read_titanic_csv to None, run_after=None
[2025-07-07T20:43:48.405+0000] {processor.py:183} INFO - Processing /opt/airflow/dags/titanic_dag.py took 0.265 seconds
[2025-07-07T20:44:18.574+0000] {processor.py:161} INFO - Started process (PID=215) to work on /opt/airflow/dags/titanic_dag.py
[2025-07-07T20:44:18.575+0000] {processor.py:830} INFO - Processing file /opt/airflow/dags/titanic_dag.py for tasks to queue
[2025-07-07T20:44:18.576+0000] {logging_mixin.py:188} INFO - [2025-07-07T20:44:18.576+0000] {dagbag.py:538} INFO - Filling up the DagBag from /opt/airflow/dags/titanic_dag.py
[2025-07-07T20:44:18.750+0000] {processor.py:840} INFO - DAG(s) 'read_titanic_csv' retrieved from /opt/airflow/dags/titanic_dag.py
[2025-07-07T20:44:18.769+0000] {logging_mixin.py:188} INFO - [2025-07-07T20:44:18.768+0000] {dag.py:3036} INFO - Sync 1 DAGs
[2025-07-07T20:44:18.778+0000] {logging_mixin.py:188} INFO - [2025-07-07T20:44:18.777+0000] {dag.py:3823} INFO - Setting next_dagrun for read_titanic_csv to None, run_after=None
[2025-07-07T20:44:18.791+0000] {processor.py:183} INFO - Processing /opt/airflow/dags/titanic_dag.py took 0.220 seconds
[2025-07-07T20:44:48.961+0000] {processor.py:161} INFO - Started process (PID=226) to work on /opt/airflow/dags/titanic_dag.py
[2025-07-07T20:44:48.962+0000] {processor.py:830} INFO - Processing file /opt/airflow/dags/titanic_dag.py for tasks to queue
[2025-07-07T20:44:48.963+0000] {logging_mixin.py:188} INFO - [2025-07-07T20:44:48.962+0000] {dagbag.py:538} INFO - Filling up the DagBag from /opt/airflow/dags/titanic_dag.py
[2025-07-07T20:44:49.134+0000] {processor.py:840} INFO - DAG(s) 'read_titanic_csv' retrieved from /opt/airflow/dags/titanic_dag.py
[2025-07-07T20:44:49.150+0000] {logging_mixin.py:188} INFO - [2025-07-07T20:44:49.150+0000] {dag.py:3036} INFO - Sync 1 DAGs
[2025-07-07T20:44:49.159+0000] {logging_mixin.py:188} INFO - [2025-07-07T20:44:49.158+0000] {dag.py:3823} INFO - Setting next_dagrun for read_titanic_csv to None, run_after=None
[2025-07-07T20:44:49.174+0000] {processor.py:183} INFO - Processing /opt/airflow/dags/titanic_dag.py took 0.215 seconds
[2025-07-07T20:45:19.397+0000] {processor.py:161} INFO - Started process (PID=237) to work on /opt/airflow/dags/titanic_dag.py
[2025-07-07T20:45:19.398+0000] {processor.py:830} INFO - Processing file /opt/airflow/dags/titanic_dag.py for tasks to queue
[2025-07-07T20:45:19.399+0000] {logging_mixin.py:188} INFO - [2025-07-07T20:45:19.399+0000] {dagbag.py:538} INFO - Filling up the DagBag from /opt/airflow/dags/titanic_dag.py
[2025-07-07T20:45:19.571+0000] {processor.py:840} INFO - DAG(s) 'read_titanic_csv' retrieved from /opt/airflow/dags/titanic_dag.py
[2025-07-07T20:45:19.590+0000] {logging_mixin.py:188} INFO - [2025-07-07T20:45:19.590+0000] {dag.py:3036} INFO - Sync 1 DAGs
[2025-07-07T20:45:19.599+0000] {logging_mixin.py:188} INFO - [2025-07-07T20:45:19.599+0000] {dag.py:3823} INFO - Setting next_dagrun for read_titanic_csv to None, run_after=None
[2025-07-07T20:45:19.618+0000] {processor.py:183} INFO - Processing /opt/airflow/dags/titanic_dag.py took 0.224 seconds
[2025-07-07T20:45:50.061+0000] {processor.py:161} INFO - Started process (PID=248) to work on /opt/airflow/dags/titanic_dag.py
[2025-07-07T20:45:50.062+0000] {processor.py:830} INFO - Processing file /opt/airflow/dags/titanic_dag.py for tasks to queue
[2025-07-07T20:45:50.066+0000] {logging_mixin.py:188} INFO - [2025-07-07T20:45:50.066+0000] {dagbag.py:538} INFO - Filling up the DagBag from /opt/airflow/dags/titanic_dag.py
[2025-07-07T20:45:50.335+0000] {processor.py:840} INFO - DAG(s) 'read_titanic_csv' retrieved from /opt/airflow/dags/titanic_dag.py
[2025-07-07T20:45:50.355+0000] {logging_mixin.py:188} INFO - [2025-07-07T20:45:50.355+0000] {dag.py:3036} INFO - Sync 1 DAGs
[2025-07-07T20:45:50.365+0000] {logging_mixin.py:188} INFO - [2025-07-07T20:45:50.365+0000] {dag.py:3823} INFO - Setting next_dagrun for read_titanic_csv to None, run_after=None
[2025-07-07T20:45:50.382+0000] {processor.py:183} INFO - Processing /opt/airflow/dags/titanic_dag.py took 0.324 seconds
[2025-07-07T20:46:20.577+0000] {processor.py:161} INFO - Started process (PID=259) to work on /opt/airflow/dags/titanic_dag.py
[2025-07-07T20:46:20.578+0000] {processor.py:830} INFO - Processing file /opt/airflow/dags/titanic_dag.py for tasks to queue
[2025-07-07T20:46:20.579+0000] {logging_mixin.py:188} INFO - [2025-07-07T20:46:20.578+0000] {dagbag.py:538} INFO - Filling up the DagBag from /opt/airflow/dags/titanic_dag.py
[2025-07-07T20:46:20.758+0000] {processor.py:840} INFO - DAG(s) 'read_titanic_csv' retrieved from /opt/airflow/dags/titanic_dag.py
[2025-07-07T20:46:20.778+0000] {logging_mixin.py:188} INFO - [2025-07-07T20:46:20.777+0000] {dag.py:3036} INFO - Sync 1 DAGs
[2025-07-07T20:46:20.788+0000] {logging_mixin.py:188} INFO - [2025-07-07T20:46:20.787+0000] {dag.py:3823} INFO - Setting next_dagrun for read_titanic_csv to None, run_after=None
[2025-07-07T20:46:20.807+0000] {processor.py:183} INFO - Processing /opt/airflow/dags/titanic_dag.py took 0.233 seconds
[2025-07-07T20:46:51.015+0000] {processor.py:161} INFO - Started process (PID=270) to work on /opt/airflow/dags/titanic_dag.py
[2025-07-07T20:46:51.017+0000] {processor.py:830} INFO - Processing file /opt/airflow/dags/titanic_dag.py for tasks to queue
[2025-07-07T20:46:51.021+0000] {logging_mixin.py:188} INFO - [2025-07-07T20:46:51.020+0000] {dagbag.py:538} INFO - Filling up the DagBag from /opt/airflow/dags/titanic_dag.py
[2025-07-07T20:46:51.301+0000] {processor.py:840} INFO - DAG(s) 'read_titanic_csv' retrieved from /opt/airflow/dags/titanic_dag.py
[2025-07-07T20:46:51.320+0000] {logging_mixin.py:188} INFO - [2025-07-07T20:46:51.320+0000] {dag.py:3036} INFO - Sync 1 DAGs
[2025-07-07T20:46:51.330+0000] {logging_mixin.py:188} INFO - [2025-07-07T20:46:51.330+0000] {dag.py:3823} INFO - Setting next_dagrun for read_titanic_csv to None, run_after=None
[2025-07-07T20:46:51.349+0000] {processor.py:183} INFO - Processing /opt/airflow/dags/titanic_dag.py took 0.337 seconds
[2025-07-07T20:47:21.589+0000] {processor.py:161} INFO - Started process (PID=281) to work on /opt/airflow/dags/titanic_dag.py
[2025-07-07T20:47:21.590+0000] {processor.py:830} INFO - Processing file /opt/airflow/dags/titanic_dag.py for tasks to queue
[2025-07-07T20:47:21.591+0000] {logging_mixin.py:188} INFO - [2025-07-07T20:47:21.591+0000] {dagbag.py:538} INFO - Filling up the DagBag from /opt/airflow/dags/titanic_dag.py
[2025-07-07T20:47:21.777+0000] {processor.py:840} INFO - DAG(s) 'read_titanic_csv' retrieved from /opt/airflow/dags/titanic_dag.py
[2025-07-07T20:47:21.798+0000] {logging_mixin.py:188} INFO - [2025-07-07T20:47:21.798+0000] {dag.py:3036} INFO - Sync 1 DAGs
[2025-07-07T20:47:21.808+0000] {logging_mixin.py:188} INFO - [2025-07-07T20:47:21.808+0000] {dag.py:3823} INFO - Setting next_dagrun for read_titanic_csv to None, run_after=None
[2025-07-07T20:47:21.824+0000] {processor.py:183} INFO - Processing /opt/airflow/dags/titanic_dag.py took 0.237 seconds
[2025-07-07T20:47:52.041+0000] {processor.py:161} INFO - Started process (PID=292) to work on /opt/airflow/dags/titanic_dag.py
[2025-07-07T20:47:52.042+0000] {processor.py:830} INFO - Processing file /opt/airflow/dags/titanic_dag.py for tasks to queue
[2025-07-07T20:47:52.043+0000] {logging_mixin.py:188} INFO - [2025-07-07T20:47:52.043+0000] {dagbag.py:538} INFO - Filling up the DagBag from /opt/airflow/dags/titanic_dag.py
[2025-07-07T20:47:52.221+0000] {processor.py:840} INFO - DAG(s) 'read_titanic_csv' retrieved from /opt/airflow/dags/titanic_dag.py
[2025-07-07T20:47:52.238+0000] {logging_mixin.py:188} INFO - [2025-07-07T20:47:52.238+0000] {dag.py:3036} INFO - Sync 1 DAGs
[2025-07-07T20:47:52.247+0000] {logging_mixin.py:188} INFO - [2025-07-07T20:47:52.246+0000] {dag.py:3823} INFO - Setting next_dagrun for read_titanic_csv to None, run_after=None
[2025-07-07T20:47:52.260+0000] {processor.py:183} INFO - Processing /opt/airflow/dags/titanic_dag.py took 0.222 seconds
[2025-07-07T20:48:22.410+0000] {processor.py:161} INFO - Started process (PID=303) to work on /opt/airflow/dags/titanic_dag.py
[2025-07-07T20:48:22.411+0000] {processor.py:830} INFO - Processing file /opt/airflow/dags/titanic_dag.py for tasks to queue
[2025-07-07T20:48:22.412+0000] {logging_mixin.py:188} INFO - [2025-07-07T20:48:22.412+0000] {dagbag.py:538} INFO - Filling up the DagBag from /opt/airflow/dags/titanic_dag.py
[2025-07-07T20:48:22.586+0000] {processor.py:840} INFO - DAG(s) 'read_titanic_csv' retrieved from /opt/airflow/dags/titanic_dag.py
[2025-07-07T20:48:22.606+0000] {logging_mixin.py:188} INFO - [2025-07-07T20:48:22.606+0000] {dag.py:3036} INFO - Sync 1 DAGs
[2025-07-07T20:48:22.615+0000] {logging_mixin.py:188} INFO - [2025-07-07T20:48:22.615+0000] {dag.py:3823} INFO - Setting next_dagrun for read_titanic_csv to None, run_after=None
[2025-07-07T20:48:22.630+0000] {processor.py:183} INFO - Processing /opt/airflow/dags/titanic_dag.py took 0.223 seconds
[2025-07-07T20:48:52.801+0000] {processor.py:161} INFO - Started process (PID=314) to work on /opt/airflow/dags/titanic_dag.py
[2025-07-07T20:48:52.802+0000] {processor.py:830} INFO - Processing file /opt/airflow/dags/titanic_dag.py for tasks to queue
[2025-07-07T20:48:52.804+0000] {logging_mixin.py:188} INFO - [2025-07-07T20:48:52.804+0000] {dagbag.py:538} INFO - Filling up the DagBag from /opt/airflow/dags/titanic_dag.py
[2025-07-07T20:48:52.977+0000] {processor.py:840} INFO - DAG(s) 'read_titanic_csv' retrieved from /opt/airflow/dags/titanic_dag.py
[2025-07-07T20:48:52.998+0000] {logging_mixin.py:188} INFO - [2025-07-07T20:48:52.997+0000] {dag.py:3036} INFO - Sync 1 DAGs
[2025-07-07T20:48:53.006+0000] {logging_mixin.py:188} INFO - [2025-07-07T20:48:53.006+0000] {dag.py:3823} INFO - Setting next_dagrun for read_titanic_csv to None, run_after=None
[2025-07-07T20:48:53.026+0000] {processor.py:183} INFO - Processing /opt/airflow/dags/titanic_dag.py took 0.227 seconds
[2025-07-07T20:49:08.071+0000] {processor.py:161} INFO - Started process (PID=179) to work on /opt/airflow/dags/titanic_dag.py
[2025-07-07T20:49:08.072+0000] {processor.py:830} INFO - Processing file /opt/airflow/dags/titanic_dag.py for tasks to queue
[2025-07-07T20:49:08.073+0000] {logging_mixin.py:188} INFO - [2025-07-07T20:49:08.073+0000] {dagbag.py:538} INFO - Filling up the DagBag from /opt/airflow/dags/titanic_dag.py
[2025-07-07T20:49:08.788+0000] {processor.py:840} INFO - DAG(s) 'read_titanic_csv' retrieved from /opt/airflow/dags/titanic_dag.py
[2025-07-07T20:49:08.816+0000] {logging_mixin.py:188} INFO - [2025-07-07T20:49:08.815+0000] {dag.py:3036} INFO - Sync 1 DAGs
[2025-07-07T20:49:08.826+0000] {logging_mixin.py:188} INFO - [2025-07-07T20:49:08.825+0000] {dag.py:3823} INFO - Setting next_dagrun for read_titanic_csv to None, run_after=None
[2025-07-07T20:49:08.842+0000] {processor.py:183} INFO - Processing /opt/airflow/dags/titanic_dag.py took 0.774 seconds
[2025-07-07T20:49:39.554+0000] {processor.py:161} INFO - Started process (PID=195) to work on /opt/airflow/dags/titanic_dag.py
[2025-07-07T20:49:39.555+0000] {processor.py:830} INFO - Processing file /opt/airflow/dags/titanic_dag.py for tasks to queue
[2025-07-07T20:49:39.556+0000] {logging_mixin.py:188} INFO - [2025-07-07T20:49:39.556+0000] {dagbag.py:538} INFO - Filling up the DagBag from /opt/airflow/dags/titanic_dag.py
[2025-07-07T20:49:39.841+0000] {processor.py:840} INFO - DAG(s) 'read_titanic_csv' retrieved from /opt/airflow/dags/titanic_dag.py
[2025-07-07T20:49:39.862+0000] {logging_mixin.py:188} INFO - [2025-07-07T20:49:39.862+0000] {dag.py:3036} INFO - Sync 1 DAGs
[2025-07-07T20:49:39.871+0000] {logging_mixin.py:188} INFO - [2025-07-07T20:49:39.871+0000] {dag.py:3823} INFO - Setting next_dagrun for read_titanic_csv to None, run_after=None
[2025-07-07T20:49:39.883+0000] {processor.py:183} INFO - Processing /opt/airflow/dags/titanic_dag.py took 0.332 seconds
[2025-07-07T20:50:10.071+0000] {processor.py:161} INFO - Started process (PID=209) to work on /opt/airflow/dags/titanic_dag.py
[2025-07-07T20:50:10.072+0000] {processor.py:830} INFO - Processing file /opt/airflow/dags/titanic_dag.py for tasks to queue
[2025-07-07T20:50:10.073+0000] {logging_mixin.py:188} INFO - [2025-07-07T20:50:10.073+0000] {dagbag.py:538} INFO - Filling up the DagBag from /opt/airflow/dags/titanic_dag.py
[2025-07-07T20:50:10.241+0000] {processor.py:840} INFO - DAG(s) 'read_titanic_csv' retrieved from /opt/airflow/dags/titanic_dag.py
[2025-07-07T20:50:10.259+0000] {logging_mixin.py:188} INFO - [2025-07-07T20:50:10.258+0000] {dag.py:3036} INFO - Sync 1 DAGs
[2025-07-07T20:50:10.266+0000] {logging_mixin.py:188} INFO - [2025-07-07T20:50:10.266+0000] {dag.py:3823} INFO - Setting next_dagrun for read_titanic_csv to None, run_after=None
[2025-07-07T20:50:10.279+0000] {processor.py:183} INFO - Processing /opt/airflow/dags/titanic_dag.py took 0.210 seconds
[2025-07-07T20:50:40.471+0000] {processor.py:161} INFO - Started process (PID=220) to work on /opt/airflow/dags/titanic_dag.py
[2025-07-07T20:50:40.472+0000] {processor.py:830} INFO - Processing file /opt/airflow/dags/titanic_dag.py for tasks to queue
[2025-07-07T20:50:40.473+0000] {logging_mixin.py:188} INFO - [2025-07-07T20:50:40.473+0000] {dagbag.py:538} INFO - Filling up the DagBag from /opt/airflow/dags/titanic_dag.py
[2025-07-07T20:50:40.655+0000] {processor.py:840} INFO - DAG(s) 'read_titanic_csv' retrieved from /opt/airflow/dags/titanic_dag.py
[2025-07-07T20:50:40.674+0000] {logging_mixin.py:188} INFO - [2025-07-07T20:50:40.674+0000] {dag.py:3036} INFO - Sync 1 DAGs
[2025-07-07T20:50:40.684+0000] {logging_mixin.py:188} INFO - [2025-07-07T20:50:40.684+0000] {dag.py:3823} INFO - Setting next_dagrun for read_titanic_csv to None, run_after=None
[2025-07-07T20:50:40.699+0000] {processor.py:183} INFO - Processing /opt/airflow/dags/titanic_dag.py took 0.231 seconds
[2025-07-07T20:51:10.834+0000] {processor.py:161} INFO - Started process (PID=231) to work on /opt/airflow/dags/titanic_dag.py
[2025-07-07T20:51:10.835+0000] {processor.py:830} INFO - Processing file /opt/airflow/dags/titanic_dag.py for tasks to queue
[2025-07-07T20:51:10.836+0000] {logging_mixin.py:188} INFO - [2025-07-07T20:51:10.836+0000] {dagbag.py:538} INFO - Filling up the DagBag from /opt/airflow/dags/titanic_dag.py
[2025-07-07T20:51:11.004+0000] {processor.py:840} INFO - DAG(s) 'read_titanic_csv' retrieved from /opt/airflow/dags/titanic_dag.py
[2025-07-07T20:51:11.024+0000] {logging_mixin.py:188} INFO - [2025-07-07T20:51:11.024+0000] {dag.py:3036} INFO - Sync 1 DAGs
[2025-07-07T20:51:11.034+0000] {logging_mixin.py:188} INFO - [2025-07-07T20:51:11.034+0000] {dag.py:3823} INFO - Setting next_dagrun for read_titanic_csv to None, run_after=None
[2025-07-07T20:51:11.053+0000] {processor.py:183} INFO - Processing /opt/airflow/dags/titanic_dag.py took 0.222 seconds
[2025-07-07T20:51:41.337+0000] {processor.py:161} INFO - Started process (PID=242) to work on /opt/airflow/dags/titanic_dag.py
[2025-07-07T20:51:41.339+0000] {processor.py:830} INFO - Processing file /opt/airflow/dags/titanic_dag.py for tasks to queue
[2025-07-07T20:51:41.340+0000] {logging_mixin.py:188} INFO - [2025-07-07T20:51:41.340+0000] {dagbag.py:538} INFO - Filling up the DagBag from /opt/airflow/dags/titanic_dag.py
[2025-07-07T20:51:41.545+0000] {processor.py:840} INFO - DAG(s) 'read_titanic_csv' retrieved from /opt/airflow/dags/titanic_dag.py
[2025-07-07T20:51:41.563+0000] {logging_mixin.py:188} INFO - [2025-07-07T20:51:41.563+0000] {dag.py:3036} INFO - Sync 1 DAGs
[2025-07-07T20:51:41.573+0000] {logging_mixin.py:188} INFO - [2025-07-07T20:51:41.573+0000] {dag.py:3823} INFO - Setting next_dagrun for read_titanic_csv to None, run_after=None
[2025-07-07T20:51:41.590+0000] {processor.py:183} INFO - Processing /opt/airflow/dags/titanic_dag.py took 0.254 seconds
[2025-07-07T20:52:11.674+0000] {processor.py:161} INFO - Started process (PID=253) to work on /opt/airflow/dags/titanic_dag.py
[2025-07-07T20:52:11.675+0000] {processor.py:830} INFO - Processing file /opt/airflow/dags/titanic_dag.py for tasks to queue
[2025-07-07T20:52:11.676+0000] {logging_mixin.py:188} INFO - [2025-07-07T20:52:11.676+0000] {dagbag.py:538} INFO - Filling up the DagBag from /opt/airflow/dags/titanic_dag.py
[2025-07-07T20:52:11.863+0000] {processor.py:840} INFO - DAG(s) 'read_titanic_csv' retrieved from /opt/airflow/dags/titanic_dag.py
[2025-07-07T20:52:11.881+0000] {logging_mixin.py:188} INFO - [2025-07-07T20:52:11.881+0000] {dag.py:3036} INFO - Sync 1 DAGs
[2025-07-07T20:52:11.891+0000] {logging_mixin.py:188} INFO - [2025-07-07T20:52:11.891+0000] {dag.py:3823} INFO - Setting next_dagrun for read_titanic_csv to None, run_after=None
[2025-07-07T20:52:11.911+0000] {processor.py:183} INFO - Processing /opt/airflow/dags/titanic_dag.py took 0.241 seconds
[2025-07-07T20:52:42.247+0000] {processor.py:161} INFO - Started process (PID=264) to work on /opt/airflow/dags/titanic_dag.py
[2025-07-07T20:52:42.248+0000] {processor.py:830} INFO - Processing file /opt/airflow/dags/titanic_dag.py for tasks to queue
[2025-07-07T20:52:42.249+0000] {logging_mixin.py:188} INFO - [2025-07-07T20:52:42.249+0000] {dagbag.py:538} INFO - Filling up the DagBag from /opt/airflow/dags/titanic_dag.py
[2025-07-07T20:52:42.433+0000] {processor.py:840} INFO - DAG(s) 'read_titanic_csv' retrieved from /opt/airflow/dags/titanic_dag.py
[2025-07-07T20:52:42.452+0000] {logging_mixin.py:188} INFO - [2025-07-07T20:52:42.451+0000] {dag.py:3036} INFO - Sync 1 DAGs
[2025-07-07T20:52:42.461+0000] {logging_mixin.py:188} INFO - [2025-07-07T20:52:42.461+0000] {dag.py:3823} INFO - Setting next_dagrun for read_titanic_csv to None, run_after=None
[2025-07-07T20:52:42.479+0000] {processor.py:183} INFO - Processing /opt/airflow/dags/titanic_dag.py took 0.235 seconds
[2025-07-07T20:53:12.686+0000] {processor.py:161} INFO - Started process (PID=275) to work on /opt/airflow/dags/titanic_dag.py
[2025-07-07T20:53:12.688+0000] {processor.py:830} INFO - Processing file /opt/airflow/dags/titanic_dag.py for tasks to queue
[2025-07-07T20:53:12.689+0000] {logging_mixin.py:188} INFO - [2025-07-07T20:53:12.688+0000] {dagbag.py:538} INFO - Filling up the DagBag from /opt/airflow/dags/titanic_dag.py
[2025-07-07T20:53:12.919+0000] {processor.py:840} INFO - DAG(s) 'read_titanic_csv' retrieved from /opt/airflow/dags/titanic_dag.py
[2025-07-07T20:53:12.941+0000] {logging_mixin.py:188} INFO - [2025-07-07T20:53:12.941+0000] {dag.py:3036} INFO - Sync 1 DAGs
[2025-07-07T20:53:12.951+0000] {logging_mixin.py:188} INFO - [2025-07-07T20:53:12.951+0000] {dag.py:3823} INFO - Setting next_dagrun for read_titanic_csv to None, run_after=None
[2025-07-07T20:53:12.970+0000] {processor.py:183} INFO - Processing /opt/airflow/dags/titanic_dag.py took 0.289 seconds
[2025-07-07T20:53:43.098+0000] {processor.py:161} INFO - Started process (PID=286) to work on /opt/airflow/dags/titanic_dag.py
[2025-07-07T20:53:43.099+0000] {processor.py:830} INFO - Processing file /opt/airflow/dags/titanic_dag.py for tasks to queue
[2025-07-07T20:53:43.100+0000] {logging_mixin.py:188} INFO - [2025-07-07T20:53:43.100+0000] {dagbag.py:538} INFO - Filling up the DagBag from /opt/airflow/dags/titanic_dag.py
[2025-07-07T20:53:43.276+0000] {processor.py:840} INFO - DAG(s) 'read_titanic_csv' retrieved from /opt/airflow/dags/titanic_dag.py
[2025-07-07T20:53:43.293+0000] {logging_mixin.py:188} INFO - [2025-07-07T20:53:43.293+0000] {dag.py:3036} INFO - Sync 1 DAGs
[2025-07-07T20:53:43.301+0000] {logging_mixin.py:188} INFO - [2025-07-07T20:53:43.301+0000] {dag.py:3823} INFO - Setting next_dagrun for read_titanic_csv to None, run_after=None
[2025-07-07T20:53:43.317+0000] {processor.py:183} INFO - Processing /opt/airflow/dags/titanic_dag.py took 0.221 seconds
[2025-07-07T20:54:13.669+0000] {processor.py:161} INFO - Started process (PID=297) to work on /opt/airflow/dags/titanic_dag.py
[2025-07-07T20:54:13.671+0000] {processor.py:830} INFO - Processing file /opt/airflow/dags/titanic_dag.py for tasks to queue
[2025-07-07T20:54:13.672+0000] {logging_mixin.py:188} INFO - [2025-07-07T20:54:13.672+0000] {dagbag.py:538} INFO - Filling up the DagBag from /opt/airflow/dags/titanic_dag.py
[2025-07-07T20:54:13.887+0000] {processor.py:840} INFO - DAG(s) 'read_titanic_csv' retrieved from /opt/airflow/dags/titanic_dag.py
[2025-07-07T20:54:13.911+0000] {logging_mixin.py:188} INFO - [2025-07-07T20:54:13.911+0000] {dag.py:3036} INFO - Sync 1 DAGs
[2025-07-07T20:54:13.923+0000] {logging_mixin.py:188} INFO - [2025-07-07T20:54:13.922+0000] {dag.py:3823} INFO - Setting next_dagrun for read_titanic_csv to None, run_after=None
[2025-07-07T20:54:13.947+0000] {processor.py:183} INFO - Processing /opt/airflow/dags/titanic_dag.py took 0.280 seconds
[2025-07-07T20:54:44.061+0000] {processor.py:161} INFO - Started process (PID=308) to work on /opt/airflow/dags/titanic_dag.py
[2025-07-07T20:54:44.062+0000] {processor.py:830} INFO - Processing file /opt/airflow/dags/titanic_dag.py for tasks to queue
[2025-07-07T20:54:44.063+0000] {logging_mixin.py:188} INFO - [2025-07-07T20:54:44.063+0000] {dagbag.py:538} INFO - Filling up the DagBag from /opt/airflow/dags/titanic_dag.py
[2025-07-07T20:54:44.252+0000] {processor.py:840} INFO - DAG(s) 'read_titanic_csv' retrieved from /opt/airflow/dags/titanic_dag.py
[2025-07-07T20:54:44.276+0000] {logging_mixin.py:188} INFO - [2025-07-07T20:54:44.276+0000] {dag.py:3036} INFO - Sync 1 DAGs
[2025-07-07T20:54:44.287+0000] {logging_mixin.py:188} INFO - [2025-07-07T20:54:44.287+0000] {dag.py:3823} INFO - Setting next_dagrun for read_titanic_csv to None, run_after=None
[2025-07-07T20:54:44.308+0000] {processor.py:183} INFO - Processing /opt/airflow/dags/titanic_dag.py took 0.250 seconds
[2025-07-07T20:55:14.351+0000] {processor.py:161} INFO - Started process (PID=319) to work on /opt/airflow/dags/titanic_dag.py
[2025-07-07T20:55:14.352+0000] {processor.py:830} INFO - Processing file /opt/airflow/dags/titanic_dag.py for tasks to queue
[2025-07-07T20:55:14.353+0000] {logging_mixin.py:188} INFO - [2025-07-07T20:55:14.353+0000] {dagbag.py:538} INFO - Filling up the DagBag from /opt/airflow/dags/titanic_dag.py
[2025-07-07T20:55:14.524+0000] {processor.py:840} INFO - DAG(s) 'read_titanic_csv' retrieved from /opt/airflow/dags/titanic_dag.py
[2025-07-07T20:55:14.542+0000] {logging_mixin.py:188} INFO - [2025-07-07T20:55:14.542+0000] {dag.py:3036} INFO - Sync 1 DAGs
[2025-07-07T20:55:14.551+0000] {logging_mixin.py:188} INFO - [2025-07-07T20:55:14.551+0000] {dag.py:3823} INFO - Setting next_dagrun for read_titanic_csv to None, run_after=None
[2025-07-07T20:55:14.564+0000] {processor.py:183} INFO - Processing /opt/airflow/dags/titanic_dag.py took 0.216 seconds
[2025-07-07T20:55:44.844+0000] {processor.py:161} INFO - Started process (PID=330) to work on /opt/airflow/dags/titanic_dag.py
[2025-07-07T20:55:44.845+0000] {processor.py:830} INFO - Processing file /opt/airflow/dags/titanic_dag.py for tasks to queue
[2025-07-07T20:55:44.846+0000] {logging_mixin.py:188} INFO - [2025-07-07T20:55:44.846+0000] {dagbag.py:538} INFO - Filling up the DagBag from /opt/airflow/dags/titanic_dag.py
[2025-07-07T20:55:45.026+0000] {processor.py:840} INFO - DAG(s) 'read_titanic_csv' retrieved from /opt/airflow/dags/titanic_dag.py
[2025-07-07T20:55:45.048+0000] {logging_mixin.py:188} INFO - [2025-07-07T20:55:45.048+0000] {dag.py:3036} INFO - Sync 1 DAGs
[2025-07-07T20:55:45.059+0000] {logging_mixin.py:188} INFO - [2025-07-07T20:55:45.059+0000] {dag.py:3823} INFO - Setting next_dagrun for read_titanic_csv to None, run_after=None
[2025-07-07T20:55:45.078+0000] {processor.py:183} INFO - Processing /opt/airflow/dags/titanic_dag.py took 0.236 seconds
[2025-07-07T20:56:15.131+0000] {processor.py:161} INFO - Started process (PID=341) to work on /opt/airflow/dags/titanic_dag.py
[2025-07-07T20:56:15.132+0000] {processor.py:830} INFO - Processing file /opt/airflow/dags/titanic_dag.py for tasks to queue
[2025-07-07T20:56:15.133+0000] {logging_mixin.py:188} INFO - [2025-07-07T20:56:15.132+0000] {dagbag.py:538} INFO - Filling up the DagBag from /opt/airflow/dags/titanic_dag.py
[2025-07-07T20:56:15.315+0000] {processor.py:840} INFO - DAG(s) 'read_titanic_csv' retrieved from /opt/airflow/dags/titanic_dag.py
[2025-07-07T20:56:15.336+0000] {logging_mixin.py:188} INFO - [2025-07-07T20:56:15.335+0000] {dag.py:3036} INFO - Sync 1 DAGs
[2025-07-07T20:56:15.345+0000] {logging_mixin.py:188} INFO - [2025-07-07T20:56:15.345+0000] {dag.py:3823} INFO - Setting next_dagrun for read_titanic_csv to None, run_after=None
[2025-07-07T20:56:15.361+0000] {processor.py:183} INFO - Processing /opt/airflow/dags/titanic_dag.py took 0.233 seconds
[2025-07-07T20:56:45.470+0000] {processor.py:161} INFO - Started process (PID=352) to work on /opt/airflow/dags/titanic_dag.py
[2025-07-07T20:56:45.472+0000] {processor.py:830} INFO - Processing file /opt/airflow/dags/titanic_dag.py for tasks to queue
[2025-07-07T20:56:45.472+0000] {logging_mixin.py:188} INFO - [2025-07-07T20:56:45.472+0000] {dagbag.py:538} INFO - Filling up the DagBag from /opt/airflow/dags/titanic_dag.py
[2025-07-07T20:56:45.663+0000] {processor.py:840} INFO - DAG(s) 'read_titanic_csv' retrieved from /opt/airflow/dags/titanic_dag.py
[2025-07-07T20:56:45.684+0000] {logging_mixin.py:188} INFO - [2025-07-07T20:56:45.684+0000] {dag.py:3036} INFO - Sync 1 DAGs
[2025-07-07T20:56:45.695+0000] {logging_mixin.py:188} INFO - [2025-07-07T20:56:45.695+0000] {dag.py:3823} INFO - Setting next_dagrun for read_titanic_csv to None, run_after=None
[2025-07-07T20:56:45.717+0000] {processor.py:183} INFO - Processing /opt/airflow/dags/titanic_dag.py took 0.249 seconds
[2025-07-07T20:57:15.925+0000] {processor.py:161} INFO - Started process (PID=363) to work on /opt/airflow/dags/titanic_dag.py
[2025-07-07T20:57:15.926+0000] {processor.py:830} INFO - Processing file /opt/airflow/dags/titanic_dag.py for tasks to queue
[2025-07-07T20:57:15.928+0000] {logging_mixin.py:188} INFO - [2025-07-07T20:57:15.927+0000] {dagbag.py:538} INFO - Filling up the DagBag from /opt/airflow/dags/titanic_dag.py
[2025-07-07T20:57:16.127+0000] {processor.py:840} INFO - DAG(s) 'read_titanic_csv' retrieved from /opt/airflow/dags/titanic_dag.py
[2025-07-07T20:57:16.148+0000] {logging_mixin.py:188} INFO - [2025-07-07T20:57:16.148+0000] {dag.py:3036} INFO - Sync 1 DAGs
[2025-07-07T20:57:16.157+0000] {logging_mixin.py:188} INFO - [2025-07-07T20:57:16.157+0000] {dag.py:3823} INFO - Setting next_dagrun for read_titanic_csv to None, run_after=None
[2025-07-07T20:57:16.174+0000] {processor.py:183} INFO - Processing /opt/airflow/dags/titanic_dag.py took 0.253 seconds
[2025-07-07T20:57:46.297+0000] {processor.py:161} INFO - Started process (PID=374) to work on /opt/airflow/dags/titanic_dag.py
[2025-07-07T20:57:46.298+0000] {processor.py:830} INFO - Processing file /opt/airflow/dags/titanic_dag.py for tasks to queue
[2025-07-07T20:57:46.300+0000] {logging_mixin.py:188} INFO - [2025-07-07T20:57:46.299+0000] {dagbag.py:538} INFO - Filling up the DagBag from /opt/airflow/dags/titanic_dag.py
[2025-07-07T20:57:46.496+0000] {processor.py:840} INFO - DAG(s) 'read_titanic_csv' retrieved from /opt/airflow/dags/titanic_dag.py
[2025-07-07T20:57:46.517+0000] {logging_mixin.py:188} INFO - [2025-07-07T20:57:46.517+0000] {dag.py:3036} INFO - Sync 1 DAGs
[2025-07-07T20:57:46.528+0000] {logging_mixin.py:188} INFO - [2025-07-07T20:57:46.528+0000] {dag.py:3823} INFO - Setting next_dagrun for read_titanic_csv to None, run_after=None
[2025-07-07T20:57:46.547+0000] {processor.py:183} INFO - Processing /opt/airflow/dags/titanic_dag.py took 0.254 seconds
[2025-07-07T20:58:16.649+0000] {processor.py:161} INFO - Started process (PID=385) to work on /opt/airflow/dags/titanic_dag.py
[2025-07-07T20:58:16.651+0000] {processor.py:830} INFO - Processing file /opt/airflow/dags/titanic_dag.py for tasks to queue
[2025-07-07T20:58:16.652+0000] {logging_mixin.py:188} INFO - [2025-07-07T20:58:16.651+0000] {dagbag.py:538} INFO - Filling up the DagBag from /opt/airflow/dags/titanic_dag.py
[2025-07-07T20:58:16.838+0000] {processor.py:840} INFO - DAG(s) 'read_titanic_csv' retrieved from /opt/airflow/dags/titanic_dag.py
[2025-07-07T20:58:16.860+0000] {logging_mixin.py:188} INFO - [2025-07-07T20:58:16.860+0000] {dag.py:3036} INFO - Sync 1 DAGs
[2025-07-07T20:58:16.871+0000] {logging_mixin.py:188} INFO - [2025-07-07T20:58:16.871+0000] {dag.py:3823} INFO - Setting next_dagrun for read_titanic_csv to None, run_after=None
[2025-07-07T20:58:16.887+0000] {processor.py:183} INFO - Processing /opt/airflow/dags/titanic_dag.py took 0.241 seconds
[2025-07-07T20:58:47.117+0000] {processor.py:161} INFO - Started process (PID=396) to work on /opt/airflow/dags/titanic_dag.py
[2025-07-07T20:58:47.118+0000] {processor.py:830} INFO - Processing file /opt/airflow/dags/titanic_dag.py for tasks to queue
[2025-07-07T20:58:47.119+0000] {logging_mixin.py:188} INFO - [2025-07-07T20:58:47.119+0000] {dagbag.py:538} INFO - Filling up the DagBag from /opt/airflow/dags/titanic_dag.py
[2025-07-07T20:58:47.309+0000] {processor.py:840} INFO - DAG(s) 'read_titanic_csv' retrieved from /opt/airflow/dags/titanic_dag.py
[2025-07-07T20:58:47.331+0000] {logging_mixin.py:188} INFO - [2025-07-07T20:58:47.331+0000] {dag.py:3036} INFO - Sync 1 DAGs
[2025-07-07T20:58:47.342+0000] {logging_mixin.py:188} INFO - [2025-07-07T20:58:47.341+0000] {dag.py:3823} INFO - Setting next_dagrun for read_titanic_csv to None, run_after=None
[2025-07-07T20:58:47.362+0000] {processor.py:183} INFO - Processing /opt/airflow/dags/titanic_dag.py took 0.247 seconds
[2025-07-07T20:59:17.546+0000] {processor.py:161} INFO - Started process (PID=407) to work on /opt/airflow/dags/titanic_dag.py
[2025-07-07T20:59:17.548+0000] {processor.py:830} INFO - Processing file /opt/airflow/dags/titanic_dag.py for tasks to queue
[2025-07-07T20:59:17.549+0000] {logging_mixin.py:188} INFO - [2025-07-07T20:59:17.548+0000] {dagbag.py:538} INFO - Filling up the DagBag from /opt/airflow/dags/titanic_dag.py
[2025-07-07T20:59:17.730+0000] {processor.py:840} INFO - DAG(s) 'read_titanic_csv' retrieved from /opt/airflow/dags/titanic_dag.py
[2025-07-07T20:59:17.749+0000] {logging_mixin.py:188} INFO - [2025-07-07T20:59:17.749+0000] {dag.py:3036} INFO - Sync 1 DAGs
[2025-07-07T20:59:17.760+0000] {logging_mixin.py:188} INFO - [2025-07-07T20:59:17.760+0000] {dag.py:3823} INFO - Setting next_dagrun for read_titanic_csv to None, run_after=None
[2025-07-07T20:59:17.777+0000] {processor.py:183} INFO - Processing /opt/airflow/dags/titanic_dag.py took 0.234 seconds
[2025-07-07T20:59:48.048+0000] {processor.py:161} INFO - Started process (PID=418) to work on /opt/airflow/dags/titanic_dag.py
[2025-07-07T20:59:48.049+0000] {processor.py:830} INFO - Processing file /opt/airflow/dags/titanic_dag.py for tasks to queue
[2025-07-07T20:59:48.050+0000] {logging_mixin.py:188} INFO - [2025-07-07T20:59:48.050+0000] {dagbag.py:538} INFO - Filling up the DagBag from /opt/airflow/dags/titanic_dag.py
[2025-07-07T20:59:48.227+0000] {processor.py:840} INFO - DAG(s) 'read_titanic_csv' retrieved from /opt/airflow/dags/titanic_dag.py
[2025-07-07T20:59:48.248+0000] {logging_mixin.py:188} INFO - [2025-07-07T20:59:48.248+0000] {dag.py:3036} INFO - Sync 1 DAGs
[2025-07-07T20:59:48.258+0000] {logging_mixin.py:188} INFO - [2025-07-07T20:59:48.258+0000] {dag.py:3823} INFO - Setting next_dagrun for read_titanic_csv to None, run_after=None
[2025-07-07T20:59:48.276+0000] {processor.py:183} INFO - Processing /opt/airflow/dags/titanic_dag.py took 0.229 seconds
[2025-07-07T21:00:18.378+0000] {processor.py:161} INFO - Started process (PID=429) to work on /opt/airflow/dags/titanic_dag.py
[2025-07-07T21:00:18.379+0000] {processor.py:830} INFO - Processing file /opt/airflow/dags/titanic_dag.py for tasks to queue
[2025-07-07T21:00:18.380+0000] {logging_mixin.py:188} INFO - [2025-07-07T21:00:18.380+0000] {dagbag.py:538} INFO - Filling up the DagBag from /opt/airflow/dags/titanic_dag.py
[2025-07-07T21:00:18.556+0000] {processor.py:840} INFO - DAG(s) 'read_titanic_csv' retrieved from /opt/airflow/dags/titanic_dag.py
[2025-07-07T21:00:18.575+0000] {logging_mixin.py:188} INFO - [2025-07-07T21:00:18.574+0000] {dag.py:3036} INFO - Sync 1 DAGs
[2025-07-07T21:00:18.583+0000] {logging_mixin.py:188} INFO - [2025-07-07T21:00:18.583+0000] {dag.py:3823} INFO - Setting next_dagrun for read_titanic_csv to None, run_after=None
[2025-07-07T21:00:18.598+0000] {processor.py:183} INFO - Processing /opt/airflow/dags/titanic_dag.py took 0.223 seconds
[2025-07-07T21:00:48.758+0000] {processor.py:161} INFO - Started process (PID=440) to work on /opt/airflow/dags/titanic_dag.py
[2025-07-07T21:00:48.760+0000] {processor.py:830} INFO - Processing file /opt/airflow/dags/titanic_dag.py for tasks to queue
[2025-07-07T21:00:48.761+0000] {logging_mixin.py:188} INFO - [2025-07-07T21:00:48.761+0000] {dagbag.py:538} INFO - Filling up the DagBag from /opt/airflow/dags/titanic_dag.py
[2025-07-07T21:00:48.955+0000] {processor.py:840} INFO - DAG(s) 'read_titanic_csv' retrieved from /opt/airflow/dags/titanic_dag.py
[2025-07-07T21:00:48.978+0000] {logging_mixin.py:188} INFO - [2025-07-07T21:00:48.977+0000] {dag.py:3036} INFO - Sync 1 DAGs
[2025-07-07T21:00:48.987+0000] {logging_mixin.py:188} INFO - [2025-07-07T21:00:48.987+0000] {dag.py:3823} INFO - Setting next_dagrun for read_titanic_csv to None, run_after=None
[2025-07-07T21:00:49.007+0000] {processor.py:183} INFO - Processing /opt/airflow/dags/titanic_dag.py took 0.251 seconds
[2025-07-07T21:01:19.154+0000] {processor.py:161} INFO - Started process (PID=451) to work on /opt/airflow/dags/titanic_dag.py
[2025-07-07T21:01:19.155+0000] {processor.py:830} INFO - Processing file /opt/airflow/dags/titanic_dag.py for tasks to queue
[2025-07-07T21:01:19.155+0000] {logging_mixin.py:188} INFO - [2025-07-07T21:01:19.155+0000] {dagbag.py:538} INFO - Filling up the DagBag from /opt/airflow/dags/titanic_dag.py
[2025-07-07T21:01:19.328+0000] {processor.py:840} INFO - DAG(s) 'read_titanic_csv' retrieved from /opt/airflow/dags/titanic_dag.py
[2025-07-07T21:01:19.356+0000] {logging_mixin.py:188} INFO - [2025-07-07T21:01:19.356+0000] {dag.py:3036} INFO - Sync 1 DAGs
[2025-07-07T21:01:19.366+0000] {logging_mixin.py:188} INFO - [2025-07-07T21:01:19.366+0000] {dag.py:3823} INFO - Setting next_dagrun for read_titanic_csv to None, run_after=None
[2025-07-07T21:01:19.384+0000] {processor.py:183} INFO - Processing /opt/airflow/dags/titanic_dag.py took 0.233 seconds
[2025-07-07T21:01:49.698+0000] {processor.py:161} INFO - Started process (PID=462) to work on /opt/airflow/dags/titanic_dag.py
[2025-07-07T21:01:49.699+0000] {processor.py:830} INFO - Processing file /opt/airflow/dags/titanic_dag.py for tasks to queue
[2025-07-07T21:01:49.699+0000] {logging_mixin.py:188} INFO - [2025-07-07T21:01:49.699+0000] {dagbag.py:538} INFO - Filling up the DagBag from /opt/airflow/dags/titanic_dag.py
[2025-07-07T21:01:49.875+0000] {processor.py:840} INFO - DAG(s) 'read_titanic_csv' retrieved from /opt/airflow/dags/titanic_dag.py
[2025-07-07T21:01:49.897+0000] {logging_mixin.py:188} INFO - [2025-07-07T21:01:49.897+0000] {dag.py:3036} INFO - Sync 1 DAGs
[2025-07-07T21:01:49.907+0000] {logging_mixin.py:188} INFO - [2025-07-07T21:01:49.907+0000] {dag.py:3823} INFO - Setting next_dagrun for read_titanic_csv to None, run_after=None
[2025-07-07T21:01:49.923+0000] {processor.py:183} INFO - Processing /opt/airflow/dags/titanic_dag.py took 0.228 seconds
[2025-07-07T21:02:20.106+0000] {processor.py:161} INFO - Started process (PID=473) to work on /opt/airflow/dags/titanic_dag.py
[2025-07-07T21:02:20.107+0000] {processor.py:830} INFO - Processing file /opt/airflow/dags/titanic_dag.py for tasks to queue
[2025-07-07T21:02:20.108+0000] {logging_mixin.py:188} INFO - [2025-07-07T21:02:20.108+0000] {dagbag.py:538} INFO - Filling up the DagBag from /opt/airflow/dags/titanic_dag.py
[2025-07-07T21:02:20.283+0000] {processor.py:840} INFO - DAG(s) 'read_titanic_csv' retrieved from /opt/airflow/dags/titanic_dag.py
[2025-07-07T21:02:20.306+0000] {logging_mixin.py:188} INFO - [2025-07-07T21:02:20.306+0000] {dag.py:3036} INFO - Sync 1 DAGs
[2025-07-07T21:02:20.317+0000] {logging_mixin.py:188} INFO - [2025-07-07T21:02:20.317+0000] {dag.py:3823} INFO - Setting next_dagrun for read_titanic_csv to None, run_after=None
[2025-07-07T21:02:20.337+0000] {processor.py:183} INFO - Processing /opt/airflow/dags/titanic_dag.py took 0.233 seconds
[2025-07-07T21:02:50.672+0000] {processor.py:161} INFO - Started process (PID=484) to work on /opt/airflow/dags/titanic_dag.py
[2025-07-07T21:02:50.673+0000] {processor.py:830} INFO - Processing file /opt/airflow/dags/titanic_dag.py for tasks to queue
[2025-07-07T21:02:50.675+0000] {logging_mixin.py:188} INFO - [2025-07-07T21:02:50.674+0000] {dagbag.py:538} INFO - Filling up the DagBag from /opt/airflow/dags/titanic_dag.py
[2025-07-07T21:02:50.879+0000] {processor.py:840} INFO - DAG(s) 'read_titanic_csv' retrieved from /opt/airflow/dags/titanic_dag.py
[2025-07-07T21:02:50.899+0000] {logging_mixin.py:188} INFO - [2025-07-07T21:02:50.899+0000] {dag.py:3036} INFO - Sync 1 DAGs
[2025-07-07T21:02:50.909+0000] {logging_mixin.py:188} INFO - [2025-07-07T21:02:50.908+0000] {dag.py:3823} INFO - Setting next_dagrun for read_titanic_csv to None, run_after=None
[2025-07-07T21:02:50.926+0000] {processor.py:183} INFO - Processing /opt/airflow/dags/titanic_dag.py took 0.257 seconds
[2025-07-07T21:03:20.981+0000] {processor.py:161} INFO - Started process (PID=495) to work on /opt/airflow/dags/titanic_dag.py
[2025-07-07T21:03:20.982+0000] {processor.py:830} INFO - Processing file /opt/airflow/dags/titanic_dag.py for tasks to queue
[2025-07-07T21:03:20.983+0000] {logging_mixin.py:188} INFO - [2025-07-07T21:03:20.982+0000] {dagbag.py:538} INFO - Filling up the DagBag from /opt/airflow/dags/titanic_dag.py
[2025-07-07T21:03:21.156+0000] {processor.py:840} INFO - DAG(s) 'read_titanic_csv' retrieved from /opt/airflow/dags/titanic_dag.py
[2025-07-07T21:03:21.175+0000] {logging_mixin.py:188} INFO - [2025-07-07T21:03:21.174+0000] {dag.py:3036} INFO - Sync 1 DAGs
[2025-07-07T21:03:21.183+0000] {logging_mixin.py:188} INFO - [2025-07-07T21:03:21.183+0000] {dag.py:3823} INFO - Setting next_dagrun for read_titanic_csv to None, run_after=None
[2025-07-07T21:03:21.200+0000] {processor.py:183} INFO - Processing /opt/airflow/dags/titanic_dag.py took 0.222 seconds
[2025-07-07T21:03:51.485+0000] {processor.py:161} INFO - Started process (PID=506) to work on /opt/airflow/dags/titanic_dag.py
[2025-07-07T21:03:51.486+0000] {processor.py:830} INFO - Processing file /opt/airflow/dags/titanic_dag.py for tasks to queue
[2025-07-07T21:03:51.487+0000] {logging_mixin.py:188} INFO - [2025-07-07T21:03:51.486+0000] {dagbag.py:538} INFO - Filling up the DagBag from /opt/airflow/dags/titanic_dag.py
[2025-07-07T21:03:51.705+0000] {processor.py:840} INFO - DAG(s) 'read_titanic_csv' retrieved from /opt/airflow/dags/titanic_dag.py
[2025-07-07T21:03:51.726+0000] {logging_mixin.py:188} INFO - [2025-07-07T21:03:51.725+0000] {dag.py:3036} INFO - Sync 1 DAGs
[2025-07-07T21:03:51.739+0000] {logging_mixin.py:188} INFO - [2025-07-07T21:03:51.739+0000] {dag.py:3823} INFO - Setting next_dagrun for read_titanic_csv to None, run_after=None
[2025-07-07T21:03:51.770+0000] {processor.py:183} INFO - Processing /opt/airflow/dags/titanic_dag.py took 0.288 seconds
[2025-07-07T21:50:53.913+0000] {processor.py:161} INFO - Started process (PID=512) to work on /opt/airflow/dags/titanic_dag.py
[2025-07-07T21:50:53.915+0000] {processor.py:830} INFO - Processing file /opt/airflow/dags/titanic_dag.py for tasks to queue
[2025-07-07T21:50:53.916+0000] {logging_mixin.py:188} INFO - [2025-07-07T21:50:53.916+0000] {dagbag.py:538} INFO - Filling up the DagBag from /opt/airflow/dags/titanic_dag.py
[2025-07-07T21:50:54.410+0000] {processor.py:840} INFO - DAG(s) 'read_titanic_csv' retrieved from /opt/airflow/dags/titanic_dag.py
[2025-07-07T21:50:54.524+0000] {logging_mixin.py:188} INFO - [2025-07-07T21:50:54.523+0000] {dag.py:3036} INFO - Sync 1 DAGs
[2025-07-07T21:50:54.629+0000] {logging_mixin.py:188} INFO - [2025-07-07T21:50:54.628+0000] {dag.py:3823} INFO - Setting next_dagrun for read_titanic_csv to None, run_after=None
[2025-07-07T21:50:54.744+0000] {processor.py:183} INFO - Processing /opt/airflow/dags/titanic_dag.py took 0.836 seconds
[2025-07-07T21:51:25.364+0000] {processor.py:161} INFO - Started process (PID=530) to work on /opt/airflow/dags/titanic_dag.py
[2025-07-07T21:51:25.366+0000] {processor.py:830} INFO - Processing file /opt/airflow/dags/titanic_dag.py for tasks to queue
[2025-07-07T21:51:25.368+0000] {logging_mixin.py:188} INFO - [2025-07-07T21:51:25.367+0000] {dagbag.py:538} INFO - Filling up the DagBag from /opt/airflow/dags/titanic_dag.py
[2025-07-07T21:51:25.578+0000] {processor.py:840} INFO - DAG(s) 'read_titanic_csv' retrieved from /opt/airflow/dags/titanic_dag.py
[2025-07-07T21:51:25.598+0000] {logging_mixin.py:188} INFO - [2025-07-07T21:51:25.598+0000] {dag.py:3036} INFO - Sync 1 DAGs
[2025-07-07T21:51:25.612+0000] {logging_mixin.py:188} INFO - [2025-07-07T21:51:25.612+0000] {dag.py:3823} INFO - Setting next_dagrun for read_titanic_csv to None, run_after=None
[2025-07-07T21:51:25.646+0000] {processor.py:183} INFO - Processing /opt/airflow/dags/titanic_dag.py took 0.287 seconds
[2025-07-07T21:51:55.970+0000] {processor.py:161} INFO - Started process (PID=541) to work on /opt/airflow/dags/titanic_dag.py
[2025-07-07T21:51:55.973+0000] {processor.py:830} INFO - Processing file /opt/airflow/dags/titanic_dag.py for tasks to queue
[2025-07-07T21:51:55.974+0000] {logging_mixin.py:188} INFO - [2025-07-07T21:51:55.974+0000] {dagbag.py:538} INFO - Filling up the DagBag from /opt/airflow/dags/titanic_dag.py
[2025-07-07T21:51:56.498+0000] {processor.py:840} INFO - DAG(s) 'read_titanic_csv' retrieved from /opt/airflow/dags/titanic_dag.py
[2025-07-07T21:51:56.525+0000] {logging_mixin.py:188} INFO - [2025-07-07T21:51:56.525+0000] {dag.py:3036} INFO - Sync 1 DAGs
[2025-07-07T21:51:56.544+0000] {logging_mixin.py:188} INFO - [2025-07-07T21:51:56.544+0000] {dag.py:3823} INFO - Setting next_dagrun for read_titanic_csv to None, run_after=None
[2025-07-07T21:51:56.584+0000] {processor.py:183} INFO - Processing /opt/airflow/dags/titanic_dag.py took 0.620 seconds
[2025-07-07T21:52:26.657+0000] {processor.py:161} INFO - Started process (PID=552) to work on /opt/airflow/dags/titanic_dag.py
[2025-07-07T21:52:26.658+0000] {processor.py:830} INFO - Processing file /opt/airflow/dags/titanic_dag.py for tasks to queue
[2025-07-07T21:52:26.659+0000] {logging_mixin.py:188} INFO - [2025-07-07T21:52:26.659+0000] {dagbag.py:538} INFO - Filling up the DagBag from /opt/airflow/dags/titanic_dag.py
[2025-07-07T21:52:26.847+0000] {processor.py:840} INFO - DAG(s) 'read_titanic_csv' retrieved from /opt/airflow/dags/titanic_dag.py
[2025-07-07T21:52:26.867+0000] {logging_mixin.py:188} INFO - [2025-07-07T21:52:26.867+0000] {dag.py:3036} INFO - Sync 1 DAGs
[2025-07-07T21:52:26.876+0000] {logging_mixin.py:188} INFO - [2025-07-07T21:52:26.876+0000] {dag.py:3823} INFO - Setting next_dagrun for read_titanic_csv to None, run_after=None
[2025-07-07T21:52:26.890+0000] {processor.py:183} INFO - Processing /opt/airflow/dags/titanic_dag.py took 0.237 seconds
[2025-07-07T21:52:57.118+0000] {processor.py:161} INFO - Started process (PID=563) to work on /opt/airflow/dags/titanic_dag.py
[2025-07-07T21:52:57.119+0000] {processor.py:830} INFO - Processing file /opt/airflow/dags/titanic_dag.py for tasks to queue
[2025-07-07T21:52:57.120+0000] {logging_mixin.py:188} INFO - [2025-07-07T21:52:57.120+0000] {dagbag.py:538} INFO - Filling up the DagBag from /opt/airflow/dags/titanic_dag.py
[2025-07-07T21:52:57.341+0000] {processor.py:840} INFO - DAG(s) 'read_titanic_csv' retrieved from /opt/airflow/dags/titanic_dag.py
[2025-07-07T21:52:57.363+0000] {logging_mixin.py:188} INFO - [2025-07-07T21:52:57.363+0000] {dag.py:3036} INFO - Sync 1 DAGs
[2025-07-07T21:52:57.374+0000] {logging_mixin.py:188} INFO - [2025-07-07T21:52:57.374+0000] {dag.py:3823} INFO - Setting next_dagrun for read_titanic_csv to None, run_after=None
[2025-07-07T21:52:57.389+0000] {processor.py:183} INFO - Processing /opt/airflow/dags/titanic_dag.py took 0.276 seconds
[2025-07-07T21:53:27.635+0000] {processor.py:161} INFO - Started process (PID=574) to work on /opt/airflow/dags/titanic_dag.py
[2025-07-07T21:53:27.636+0000] {processor.py:830} INFO - Processing file /opt/airflow/dags/titanic_dag.py for tasks to queue
[2025-07-07T21:53:27.638+0000] {logging_mixin.py:188} INFO - [2025-07-07T21:53:27.637+0000] {dagbag.py:538} INFO - Filling up the DagBag from /opt/airflow/dags/titanic_dag.py
[2025-07-07T21:53:27.816+0000] {processor.py:840} INFO - DAG(s) 'read_titanic_csv' retrieved from /opt/airflow/dags/titanic_dag.py
[2025-07-07T21:53:27.835+0000] {logging_mixin.py:188} INFO - [2025-07-07T21:53:27.835+0000] {dag.py:3036} INFO - Sync 1 DAGs
[2025-07-07T21:53:27.843+0000] {logging_mixin.py:188} INFO - [2025-07-07T21:53:27.843+0000] {dag.py:3823} INFO - Setting next_dagrun for read_titanic_csv to None, run_after=None
[2025-07-07T21:53:27.865+0000] {processor.py:183} INFO - Processing /opt/airflow/dags/titanic_dag.py took 0.234 seconds
[2025-07-07T21:53:58.190+0000] {processor.py:161} INFO - Started process (PID=585) to work on /opt/airflow/dags/titanic_dag.py
[2025-07-07T21:53:58.191+0000] {processor.py:830} INFO - Processing file /opt/airflow/dags/titanic_dag.py for tasks to queue
[2025-07-07T21:53:58.192+0000] {logging_mixin.py:188} INFO - [2025-07-07T21:53:58.192+0000] {dagbag.py:538} INFO - Filling up the DagBag from /opt/airflow/dags/titanic_dag.py
[2025-07-07T21:53:58.470+0000] {processor.py:840} INFO - DAG(s) 'read_titanic_csv' retrieved from /opt/airflow/dags/titanic_dag.py
[2025-07-07T21:53:58.491+0000] {logging_mixin.py:188} INFO - [2025-07-07T21:53:58.490+0000] {dag.py:3036} INFO - Sync 1 DAGs
[2025-07-07T21:53:58.502+0000] {logging_mixin.py:188} INFO - [2025-07-07T21:53:58.502+0000] {dag.py:3823} INFO - Setting next_dagrun for read_titanic_csv to None, run_after=None
[2025-07-07T21:53:58.519+0000] {processor.py:183} INFO - Processing /opt/airflow/dags/titanic_dag.py took 0.332 seconds
[2025-07-07T21:54:28.621+0000] {processor.py:161} INFO - Started process (PID=596) to work on /opt/airflow/dags/titanic_dag.py
[2025-07-07T21:54:28.622+0000] {processor.py:830} INFO - Processing file /opt/airflow/dags/titanic_dag.py for tasks to queue
[2025-07-07T21:54:28.623+0000] {logging_mixin.py:188} INFO - [2025-07-07T21:54:28.623+0000] {dagbag.py:538} INFO - Filling up the DagBag from /opt/airflow/dags/titanic_dag.py
[2025-07-07T21:54:28.805+0000] {processor.py:840} INFO - DAG(s) 'read_titanic_csv' retrieved from /opt/airflow/dags/titanic_dag.py
[2025-07-07T21:54:28.825+0000] {logging_mixin.py:188} INFO - [2025-07-07T21:54:28.825+0000] {dag.py:3036} INFO - Sync 1 DAGs
[2025-07-07T21:54:28.835+0000] {logging_mixin.py:188} INFO - [2025-07-07T21:54:28.835+0000] {dag.py:3823} INFO - Setting next_dagrun for read_titanic_csv to None, run_after=None
[2025-07-07T21:54:28.851+0000] {processor.py:183} INFO - Processing /opt/airflow/dags/titanic_dag.py took 0.233 seconds
